[12:09:57] [INIT] KubeJS 2001.6.5-build.16; MC 2001 forge
[12:09:57] [INIT] Loaded plugins:
[12:09:57] [INIT] - dev.latvian.mods.kubejs.forge.BuiltinKubeJSForgePlugin
[12:09:57] [INIT] - dev.ftb.mods.ftbxmodcompat.ftbquests.kubejs.KubeJSIntegration
[12:09:57] [INIT] - dev.ftb.mods.ftbxmodcompat.ftbchunks.kubejs.FTBChunksKubeJSPlugin
[12:09:57] [INIT] - dev.ftb.mods.ftbxmodcompat.ftbteams.kubejs.FTBTeamsKubeJSPlugin
[12:09:57] [INIT] - com.tom.createores.kubejs.KubeJSExcavation
[12:09:57] [INIT] - com.almostreliable.morejs.Plugin
[12:09:57] [INIT] - com.blakebr0.cucumber.compat.kubejs.CucumberKubeJSPlugin
[12:09:57] [INIT] - com.almostreliable.ponderjs.PonderJSPlugin
[12:09:58] [INFO] read_json_from_mod.js#5: Loaded Java class 'net.minecraftforge.resource.ResourcePackLoader'
[12:09:58] [INFO] read_json_from_mod.js#8: Loaded Java class 'java.util.stream.Collectors'
[12:09:58] [INFO] read_json_from_mod.js#9: Loaded Java class 'net.minecraft.server.packs.repository.ServerPacksSource'
[12:09:58] [INFO] read_json_from_mod.js#10: Loaded Java class 'net.minecraft.server.packs.resources.FallbackResourceManager'
[12:09:58] [INFO] Loaded script startup_scripts:read_json_from_mod.js in 0.175 s
[12:09:58] [INFO] Loaded script startup_scripts:worldgen.js in 0.035 s
[12:09:58] [INFO] farmingForBlockheads.js#11: Loaded Java class 'net.blay09.mods.farmingforblockheads.api.FarmingForBlockheadsAPI'
[12:09:58] [INFO] Loaded script startup_scripts:farmingForBlockheads.js in 0.013 s
[12:09:58] [INFO] mysticalagriculture.js#4: Loaded Java class 'com.blakebr0.mysticalagriculture.api.MysticalAgricultureAPI'
[12:09:58] [INFO] Loaded script startup_scripts:mysticalagriculture.js in 0.007 s
[12:09:58] [INFO] Loaded script startup_scripts:AE2/Universal_Press.js in 0.001 s
[12:09:58] [INFO] Loaded script startup_scripts:settings.js in 0.008 s
[12:09:58] [INFO] mekanismStartup.js#18: Loaded Java class 'mekanism.api.chemical.slurry.Slurry'
[12:09:58] [INFO] mekanismStartup.js#19: Loaded Java class 'mekanism.api.chemical.slurry.SlurryBuilder'
[12:09:58] [INFO] mekanismStartup.js#20: Loaded Java class 'mekanism.api.chemical.gas.Gas'
[12:09:58] [INFO] mekanismStartup.js#21: Loaded Java class 'mekanism.api.chemical.gas.GasBuilder'
[12:09:58] [INFO] Loaded script startup_scripts:mekanismStartup.js in 0.022 s
[12:09:58] [INFO] Loaded script startup_scripts:custom_additions.js in 0.002 s
[12:09:58] [INFO] Loaded 8/8 KubeJS startup scripts in 0.75 s with 0 errors and 0 warnings
